##############################################################################
# library files from Maven repository
#
lib https://repo1.maven.org/maven2/org/antlr/antlr-runtime/3.5.1/antlr-runtime-3.5.1.jar
lib https://repo1.maven.org/maven2/org/antlr/antlr-runtime/3.5.1/antlr-runtime-3.5.1.jar
lib https://repo1.maven.org/maven2/org/nibor/autolink/autolink/0.6.0/autolink-0.6.0.jar
lib https://repo1.maven.org/maven2/org/scala-sbt/compiler-interface/1.3.5/compiler-interface-1.3.5.jar
#
# Flexmark
#
lib https://repo1.maven.org/maven2/com/vladsch/flexmark/flexmark/0.42.12/flexmark-0.42.12.jar
lib https://repo1.maven.org/maven2/com/vladsch/flexmark/flexmark-ext-anchorlink/0.42.12/flexmark-ext-anchorlink-0.42.12.jar
lib https://repo1.maven.org/maven2/com/vladsch/flexmark/flexmark-ext-autolink/0.42.12/flexmark-ext-autolink-0.42.12.jar
lib https://repo1.maven.org/maven2/com/vladsch/flexmark/flexmark-ext-emoji/0.42.12/flexmark-ext-emoji-0.42.12.jar
lib https://repo1.maven.org/maven2/com/vladsch/flexmark/flexmark-ext-gfm-strikethrough/0.42.12/flexmark-ext-gfm-strikethrough-0.42.12.jar
lib https://repo1.maven.org/maven2/com/vladsch/flexmark/flexmark-ext-gfm-tables/0.42.12/flexmark-ext-gfm-tables-0.42.12.jar
lib https://repo1.maven.org/maven2/com/vladsch/flexmark/flexmark-ext-gfm-tasklist/0.42.12/flexmark-ext-gfm-tasklist-0.42.12.jar
lib https://repo1.maven.org/maven2/com/vladsch/flexmark/flexmark-ext-ins/0.42.12/flexmark-ext-ins-0.42.12.jar
lib https://repo1.maven.org/maven2/com/vladsch/flexmark/flexmark-jira-converter/0.42.12/flexmark-jira-converter-0.42.12.jar
lib https://repo1.maven.org/maven2/com/vladsch/flexmark/flexmark-util/0.42.12/flexmark-util-0.42.12.jar
#
# Jackson
#
lib https://repo1.maven.org/maven2/com/fasterxml/jackson/core/jackson-annotations/2.2.3/jackson-annotations-2.2.3.jar
lib https://repo1.maven.org/maven2/com/fasterxml/jackson/core/jackson-core/2.9.8/jackson-core-2.9.8.jar
lib https://repo1.maven.org/maven2/com/fasterxml/jackson/core/jackson-databind/2.2.3/jackson-databind-2.2.3.jar
lib https://repo1.maven.org/maven2/com/fasterxml/jackson/dataformat/jackson-dataformat-yaml/2.9.8/jackson-dataformat-yaml-2.9.8.jar
#
# jline
#
lib https://repo1.maven.org/maven2/org/jline/jline-reader/3.19.0/jline-reader-3.19.0.jar
lib https://repo1.maven.org/maven2/org/jline/jline-terminal/3.19.0/jline-terminal-3.19.0.jar
lib https://repo1.maven.org/maven2/org/jline/jline-terminal-jna/3.19.0/jline-terminal-jna-3.19.0.jar
lib https://repo1.maven.org/maven2/net/java/dev/jna/jna/5.3.1/jna-5.3.1.jar
#
lib https://repo1.maven.org/maven2/org/jsoup/jsoup/1.13.1/jsoup-1.13.1.jar
lib https://repo1.maven.org/maven2/nl/big-o/liqp/0.6.7/liqp-0.6.7.jar
lib https://repo1.maven.org/maven2/com/google/protobuf/protobuf-java/3.7.0/protobuf-java-3.7.0.jar
lib https://repo1.maven.org/maven2/org/scala-lang/modules/scala-asm/9.1.0-scala-1/scala-asm-9.1.0-scala-1.jar
lib https://repo1.maven.org/maven2/org/scala-lang/scala-library/2.13.6/scala-library-2.13.6.jar
lib https://repo1.maven.org/maven2/org/yaml/snakeyaml/1.23/snakeyaml-1.23.jar
lib https://repo1.maven.org/maven2/org/antlr/ST4/4.0.7/ST4-4.0.7.jar
#
##############################################################################
# binary files from GitHub project "lampepfl/dotty"
#
bin https://raw.githubusercontent.com/lampepfl/dotty/master/dist/bin/common
bin https://raw.githubusercontent.com/lampepfl/dotty/master/dist/bin/common.bat
bin https://raw.githubusercontent.com/lampepfl/dotty/master/dist/bin/scala
bin https://raw.githubusercontent.com/lampepfl/dotty/master/dist/bin/scala.bat
bin https://raw.githubusercontent.com/lampepfl/dotty/master/dist/bin/scalac
bin https://raw.githubusercontent.com/lampepfl/dotty/master/dist/bin/scalac.bat
bin https://raw.githubusercontent.com/lampepfl/dotty/master/dist/bin/scaladoc
bin https://raw.githubusercontent.com/lampepfl/dotty/master/dist/bin/scaladoc.bat
